<?xml version="1.0" encoding="UTF-8"?>
<!-- Generated by org.testng.reporters.JUnitXMLReporter -->
<testsuite ignored="0" hostname="yeshs-Mac-mini.lan" failures="2" tests="15" name="goalpagetesting" time="1075.677" errors="0" timestamp="2024-07-09T17:15:58 IST">
  <testcase classname="goalpagetesting.TestingOfGoalpage" name="userCanCreateGoalForTeam" time="44.417"/>
  <testcase classname="goalpagetesting.TestingOfGoalpage" name="userCanCreateGoalForselfDevelopment" time="20.574"/>
  <testcase classname="goalpagetesting.TestingOfGoalpage" name="userCanSetUpFollowupForGoal" time="63.551">
    <skipped/>
  </testcase> <!-- userCanSetUpFollowupForGoal -->
  <testcase classname="goalpagetesting.TestingOfGoalpage" name="userCanSetUpFollowupForGoal" time="63.113">
    <skipped/>
  </testcase> <!-- userCanSetUpFollowupForGoal -->
  <testcase classname="goalpagetesting.TestingOfGoalpage" name="userCanSetUpFollowupForGoal" time="66.682">
    <failure type="org.openqa.selenium.TimeoutException" message="Expected condition failed: waiting for visibility of element located by By.cssSelector: div[class=&amp;apos;relative space-y-2&amp;apos;] button[type=&amp;apos;button&amp;apos;] div[class=&amp;apos;flex items-center gap-2 justify-center&amp;apos;] (tried for 20 second(s) with 500 milliseconds interval)
Build info: version: &amp;apos;4.22.0&amp;apos;, revision: &amp;apos;c5f3146703*&amp;apos;
System info: os.name: &amp;apos;Mac OS X&amp;apos;, os.arch: &amp;apos;aarch64&amp;apos;, os.version: &amp;apos;14.5&amp;apos;, java.version: &amp;apos;17.0.11&amp;apos;
Driver info: org.openqa.selenium.chrome.ChromeDriver
Capabilities {acceptInsecureCerts: false, browserName: chrome-headless-shell, browserVersion: 126.0.6478.127, chrome: {chromedriverVersion: 126.0.6478.126 (d36ace6122e..., userDataDir: /var/folders/x9/xxt7kvhx1v7...}, fedcm:accounts: true, goog:chromeOptions: {debuggerAddress: localhost:64202}, networkConnectionEnabled: false, pageLoadStrategy: normal, platformName: mac, proxy: Proxy(), se:cdp: ws://localhost:64202/devtoo..., se:cdpVersion: 126.0.6478.127, setWindowRect: true, strictFileInteractability: false, timeouts: {implicit: 0, pageLoad: 300000, script: 30000}, unhandledPromptBehavior: dismiss and notify, webauthn:extension:credBlob: true, webauthn:extension:largeBlob: true, webauthn:extension:minPinLength: true, webauthn:extension:prf: true, webauthn:virtualAuthenticators: true}
Session ID: be13337bb16d03a30e401375f048f93f">
      <![CDATA[org.openqa.selenium.TimeoutException: Expected condition failed: waiting for visibility of element located by By.cssSelector: div[class='relative space-y-2'] button[type='button'] div[class='flex items-center gap-2 justify-center'] (tried for 20 second(s) with 500 milliseconds interval)
Build info: version: '4.22.0', revision: 'c5f3146703*'
System info: os.name: 'Mac OS X', os.arch: 'aarch64', os.version: '14.5', java.version: '17.0.11'
Driver info: org.openqa.selenium.chrome.ChromeDriver
Capabilities {acceptInsecureCerts: false, browserName: chrome-headless-shell, browserVersion: 126.0.6478.127, chrome: {chromedriverVersion: 126.0.6478.126 (d36ace6122e..., userDataDir: /var/folders/x9/xxt7kvhx1v7...}, fedcm:accounts: true, goog:chromeOptions: {debuggerAddress: localhost:64202}, networkConnectionEnabled: false, pageLoadStrategy: normal, platformName: mac, proxy: Proxy(), se:cdp: ws://localhost:64202/devtoo..., se:cdpVersion: 126.0.6478.127, setWindowRect: true, strictFileInteractability: false, timeouts: {implicit: 0, pageLoad: 300000, script: 30000}, unhandledPromptBehavior: dismiss and notify, webauthn:extension:credBlob: true, webauthn:extension:largeBlob: true, webauthn:extension:minPinLength: true, webauthn:extension:prf: true, webauthn:virtualAuthenticators: true}
Session ID: be13337bb16d03a30e401375f048f93f
at org.openqa.selenium.support.ui.WebDriverWait.timeoutException(WebDriverWait.java:84)
at org.openqa.selenium.support.ui.FluentWait.until(FluentWait.java:228)
at goalpagetesting.TestingOfGoalpage.userCanSetUpFollowupForGoal(TestingOfGoalpage.java:422)
at java.base/java.util.ArrayList.forEach(ArrayList.java:1511)
at java.base/java.util.concurrent.FutureTask.run(FutureTask.java:264)
at java.base/java.util.concurrent.ThreadPoolExecutor.runWorker(ThreadPoolExecutor.java:1136)
at java.base/java.util.concurrent.ThreadPoolExecutor$Worker.run(ThreadPoolExecutor.java:635)
at java.base/java.lang.Thread.run(Thread.java:840)
... Removed 18 stack frames]]>
    </failure>
  </testcase> <!-- userCanSetUpFollowupForGoal -->
  <testcase classname="goalpagetesting.TestingOfGoalpage" name="usersCanSeeAbandonedGoals" time="45.289">
    <skipped/>
  </testcase> <!-- usersCanSeeAbandonedGoals -->
  <testcase classname="goalpagetesting.TestingOfGoalpage" name="usersCanSeeAbandonedGoals" time="180.008">
    <skipped/>
  </testcase> <!-- usersCanSeeAbandonedGoals -->
  <testcase classname="goalpagetesting.TestingOfGoalpage" name="usersCanSeeAbandonedGoals" time="19.078"/>
  <testcase classname="goalpagetesting.TestingOfGoalpage" name="usersCanSeeArchivedGoals" time="19.614"/>
  <testcase classname="goalpagetesting.TestingOfGoalpage" name="usersCanSeeCompletedGoals" time="18.755"/>
  <testcase classname="goalpagetesting.TestingOfGoalpage" name="usersCanSeeDelayedGoals" time="19.201"/>
  <testcase classname="goalpagetesting.TestingOfGoalpage" name="usersCanSeeOnTrackGoals" time="43.613"/>
  <testcase classname="goalpagetesting.TestingOfGoalpage" name="usersCanUpdateStatus" time="86.686">
    <skipped/>
  </testcase> <!-- usersCanUpdateStatus -->
  <testcase classname="goalpagetesting.TestingOfGoalpage" name="usersCanUpdateStatus" time="47.227">
    <skipped/>
  </testcase> <!-- usersCanUpdateStatus -->
  <testcase classname="goalpagetesting.TestingOfGoalpage" name="usersCanUpdateStatus" time="315.122">
    <failure type="org.openqa.selenium.NoSuchElementException" message="no such element: Unable to locate element: {&amp;quot;method&amp;quot;:&amp;quot;css selector&amp;quot;,&amp;quot;selector&amp;quot;:&amp;quot;a[data-testid=&amp;apos;login-btn&amp;apos;]&amp;quot;}
  (Session info: chrome-headless-shell=126.0.6478.127)
For documentation on this error, please visit: https://www.selenium.dev/documentation/webdriver/troubleshooting/errors#no-such-element-exception
Build info: version: &amp;apos;4.22.0&amp;apos;, revision: &amp;apos;c5f3146703*&amp;apos;
System info: os.name: &amp;apos;Mac OS X&amp;apos;, os.arch: &amp;apos;aarch64&amp;apos;, os.version: &amp;apos;14.5&amp;apos;, java.version: &amp;apos;17.0.11&amp;apos;
Driver info: org.openqa.selenium.chrome.ChromeDriver
Command: [d64d4624787dacfb837115d695b3a38b, findElement {using=css selector, value=a[data-testid=&amp;apos;login-btn&amp;apos;]}]
Capabilities {acceptInsecureCerts: false, browserName: chrome-headless-shell, browserVersion: 126.0.6478.127, chrome: {chromedriverVersion: 126.0.6478.126 (d36ace6122e..., userDataDir: /var/folders/x9/xxt7kvhx1v7...}, fedcm:accounts: true, goog:chromeOptions: {debuggerAddress: localhost:64495}, networkConnectionEnabled: false, pageLoadStrategy: normal, platformName: mac, proxy: Proxy(), se:cdp: ws://localhost:64495/devtoo..., se:cdpVersion: 126.0.6478.127, setWindowRect: true, strictFileInteractability: false, timeouts: {implicit: 0, pageLoad: 300000, script: 30000}, unhandledPromptBehavior: dismiss and notify, webauthn:extension:credBlob: true, webauthn:extension:largeBlob: true, webauthn:extension:minPinLength: true, webauthn:extension:prf: true, webauthn:virtualAuthenticators: true}
Session ID: d64d4624787dacfb837115d695b3a38b">
      <![CDATA[org.openqa.selenium.NoSuchElementException: no such element: Unable to locate element: {"method":"css selector","selector":"a[data-testid='login-btn']"}
  (Session info: chrome-headless-shell=126.0.6478.127)
For documentation on this error, please visit: https://www.selenium.dev/documentation/webdriver/troubleshooting/errors#no-such-element-exception
Build info: version: '4.22.0', revision: 'c5f3146703*'
System info: os.name: 'Mac OS X', os.arch: 'aarch64', os.version: '14.5', java.version: '17.0.11'
Driver info: org.openqa.selenium.chrome.ChromeDriver
Command: [d64d4624787dacfb837115d695b3a38b, findElement {using=css selector, value=a[data-testid='login-btn']}]
Capabilities {acceptInsecureCerts: false, browserName: chrome-headless-shell, browserVersion: 126.0.6478.127, chrome: {chromedriverVersion: 126.0.6478.126 (d36ace6122e..., userDataDir: /var/folders/x9/xxt7kvhx1v7...}, fedcm:accounts: true, goog:chromeOptions: {debuggerAddress: localhost:64495}, networkConnectionEnabled: false, pageLoadStrategy: normal, platformName: mac, proxy: Proxy(), se:cdp: ws://localhost:64495/devtoo..., se:cdpVersion: 126.0.6478.127, setWindowRect: true, strictFileInteractability: false, timeouts: {implicit: 0, pageLoad: 300000, script: 30000}, unhandledPromptBehavior: dismiss and notify, webauthn:extension:credBlob: true, webauthn:extension:largeBlob: true, webauthn:extension:minPinLength: true, webauthn:extension:prf: true, webauthn:virtualAuthenticators: true}
Session ID: d64d4624787dacfb837115d695b3a38b
at org.openqa.selenium.remote.ErrorCodec.decode(ErrorCodec.java:167)
at org.openqa.selenium.remote.codec.w3c.W3CHttpResponseCodec.decode(W3CHttpResponseCodec.java:138)
at org.openqa.selenium.remote.codec.w3c.W3CHttpResponseCodec.decode(W3CHttpResponseCodec.java:50)
at org.openqa.selenium.remote.HttpCommandExecutor.execute(HttpCommandExecutor.java:190)
at org.openqa.selenium.remote.service.DriverCommandExecutor.invokeExecute(DriverCommandExecutor.java:216)
at org.openqa.selenium.remote.service.DriverCommandExecutor.execute(DriverCommandExecutor.java:174)
at org.openqa.selenium.remote.RemoteWebDriver.execute(RemoteWebDriver.java:518)
at org.openqa.selenium.remote.ElementLocation$ElementFinder$2.findElement(ElementLocation.java:165)
at org.openqa.selenium.remote.ElementLocation.findElement(ElementLocation.java:59)
at org.openqa.selenium.remote.RemoteWebDriver.findElement(RemoteWebDriver.java:355)
at org.openqa.selenium.remote.RemoteWebDriver.findElement(RemoteWebDriver.java:349)
at loginpagetesting.Login.Goto(Login.java:47)
at goalpagetesting.TestingOfGoalpage.usersCanUpdateStatus(TestingOfGoalpage.java:250)
at java.base/java.util.ArrayList.forEach(ArrayList.java:1511)
at java.base/java.util.concurrent.FutureTask.run(FutureTask.java:264)
at java.base/java.util.concurrent.ThreadPoolExecutor.runWorker(ThreadPoolExecutor.java:1136)
at java.base/java.util.concurrent.ThreadPoolExecutor$Worker.run(ThreadPoolExecutor.java:635)
at java.base/java.lang.Thread.run(Thread.java:840)
... Removed 22 stack frames]]>
    </failure>
  </testcase> <!-- usersCanUpdateStatus -->
</testsuite> <!-- goalpagetesting -->
